[0.162s] DEBUG:colcon:Command line arguments: ['/usr/bin/colcon', 'build']
[0.162s] DEBUG:colcon:Parsed command line arguments: Namespace(log_base=None, log_level=None, verb_name='build', build_base='build', install_base='install', merge_install=False, symlink_install=False, test_result_base=None, continue_on_error=False, executor='parallel', parallel_workers=22, event_handlers=None, ignore_user_meta=False, metas=['./colcon.meta'], base_paths=['.'], packages_ignore=None, packages_ignore_regex=None, paths=None, packages_up_to=None, packages_up_to_regex=None, packages_above=None, packages_above_and_dependencies=None, packages_above_depth=None, packages_select_by_dep=None, packages_skip_by_dep=None, packages_skip_up_to=None, packages_select_build_failed=False, packages_skip_build_finished=False, packages_select_test_failures=False, packages_skip_test_passed=False, packages_select=None, packages_skip=None, packages_select_regex=None, packages_skip_regex=None, packages_start=None, packages_end=None, allow_overriding=[], cmake_args=None, cmake_target=None, cmake_target_skip_unavailable=False, cmake_clean_cache=False, cmake_clean_first=False, cmake_force_configure=False, ament_cmake_args=None, catkin_cmake_args=None, catkin_skip_building_tests=False, mixin_files=None, mixin=None, verb_parser=<colcon_mixin.mixin.mixin_argument.MixinArgumentDecorator object at 0x786505008f70>, verb_extension=<colcon_core.verb.build.BuildVerb object at 0x78650518a560>, main=<bound method BuildVerb.main of <colcon_core.verb.build.BuildVerb object at 0x78650518a560>>, mixin_verb=('build',))
[0.440s] Level 1:colcon.colcon_core.package_discovery:discover_packages(colcon_meta) check parameters
[0.441s] Level 1:colcon.colcon_core.package_discovery:discover_packages(recursive) check parameters
[0.441s] Level 1:colcon.colcon_core.package_discovery:discover_packages(ignore) check parameters
[0.441s] Level 1:colcon.colcon_core.package_discovery:discover_packages(path) check parameters
[0.441s] Level 1:colcon.colcon_core.package_discovery:discover_packages(colcon_meta) discover
[0.441s] Level 1:colcon.colcon_core.package_discovery:discover_packages(recursive) discover
[0.441s] INFO:colcon.colcon_core.package_discovery:Crawling recursively for packages in '/home/rokey/ssy_ws/03_system_monitor/ssy_system_monitor_v10'
[0.441s] Level 1:colcon.colcon_core.package_identification:_identify(.) by extensions ['ignore', 'ignore_ament_install']
[0.441s] Level 1:colcon.colcon_core.package_identification:_identify(.) by extension 'ignore'
[0.441s] Level 1:colcon.colcon_core.package_identification:_identify(.) by extension 'ignore_ament_install'
[0.441s] Level 1:colcon.colcon_core.package_identification:_identify(.) by extensions ['colcon_pkg']
[0.441s] Level 1:colcon.colcon_core.package_identification:_identify(.) by extension 'colcon_pkg'
[0.441s] Level 1:colcon.colcon_core.package_identification:_identify(.) by extensions ['colcon_meta']
[0.441s] Level 1:colcon.colcon_core.package_identification:_identify(.) by extension 'colcon_meta'
[0.441s] Level 1:colcon.colcon_core.package_identification:_identify(.) by extensions ['ros']
[0.441s] Level 1:colcon.colcon_core.package_identification:_identify(.) by extension 'ros'
[0.475s] Level 1:colcon.colcon_core.package_identification:_identify(.) by extensions ['cmake', 'python']
[0.475s] Level 1:colcon.colcon_core.package_identification:_identify(.) by extension 'cmake'
[0.475s] Level 1:colcon.colcon_core.package_identification:_identify(.) by extension 'python'
[0.475s] Level 1:colcon.colcon_core.package_identification:_identify(.) by extensions ['python_setup_py']
[0.475s] Level 1:colcon.colcon_core.package_identification:_identify(.) by extension 'python_setup_py'
[0.475s] Level 1:colcon.colcon_core.package_identification:_identify(build) by extensions ['ignore', 'ignore_ament_install']
[0.475s] Level 1:colcon.colcon_core.package_identification:_identify(build) by extension 'ignore'
[0.475s] Level 1:colcon.colcon_core.package_identification:_identify(build) ignored
[0.475s] Level 1:colcon.colcon_core.package_identification:_identify(install) by extensions ['ignore', 'ignore_ament_install']
[0.475s] Level 1:colcon.colcon_core.package_identification:_identify(install) by extension 'ignore'
[0.475s] Level 1:colcon.colcon_core.package_identification:_identify(install) ignored
[0.475s] Level 1:colcon.colcon_core.package_identification:_identify(log) by extensions ['ignore', 'ignore_ament_install']
[0.475s] Level 1:colcon.colcon_core.package_identification:_identify(log) by extension 'ignore'
[0.475s] Level 1:colcon.colcon_core.package_identification:_identify(log) ignored
[0.475s] Level 1:colcon.colcon_core.package_identification:_identify(runs) by extensions ['ignore', 'ignore_ament_install']
[0.475s] Level 1:colcon.colcon_core.package_identification:_identify(runs) by extension 'ignore'
[0.475s] Level 1:colcon.colcon_core.package_identification:_identify(runs) by extension 'ignore_ament_install'
[0.475s] Level 1:colcon.colcon_core.package_identification:_identify(runs) by extensions ['colcon_pkg']
[0.475s] Level 1:colcon.colcon_core.package_identification:_identify(runs) by extension 'colcon_pkg'
[0.475s] Level 1:colcon.colcon_core.package_identification:_identify(runs) by extensions ['colcon_meta']
[0.475s] Level 1:colcon.colcon_core.package_identification:_identify(runs) by extension 'colcon_meta'
[0.476s] Level 1:colcon.colcon_core.package_identification:_identify(runs) by extensions ['ros']
[0.476s] Level 1:colcon.colcon_core.package_identification:_identify(runs) by extension 'ros'
[0.476s] Level 1:colcon.colcon_core.package_identification:_identify(runs) by extensions ['cmake', 'python']
[0.476s] Level 1:colcon.colcon_core.package_identification:_identify(runs) by extension 'cmake'
[0.476s] Level 1:colcon.colcon_core.package_identification:_identify(runs) by extension 'python'
[0.476s] Level 1:colcon.colcon_core.package_identification:_identify(runs) by extensions ['python_setup_py']
[0.476s] Level 1:colcon.colcon_core.package_identification:_identify(runs) by extension 'python_setup_py'
[0.476s] Level 1:colcon.colcon_core.package_identification:_identify(runs/detect) by extensions ['ignore', 'ignore_ament_install']
[0.476s] Level 1:colcon.colcon_core.package_identification:_identify(runs/detect) by extension 'ignore'
[0.476s] Level 1:colcon.colcon_core.package_identification:_identify(runs/detect) by extension 'ignore_ament_install'
[0.476s] Level 1:colcon.colcon_core.package_identification:_identify(runs/detect) by extensions ['colcon_pkg']
[0.476s] Level 1:colcon.colcon_core.package_identification:_identify(runs/detect) by extension 'colcon_pkg'
[0.476s] Level 1:colcon.colcon_core.package_identification:_identify(runs/detect) by extensions ['colcon_meta']
[0.476s] Level 1:colcon.colcon_core.package_identification:_identify(runs/detect) by extension 'colcon_meta'
[0.476s] Level 1:colcon.colcon_core.package_identification:_identify(runs/detect) by extensions ['ros']
[0.476s] Level 1:colcon.colcon_core.package_identification:_identify(runs/detect) by extension 'ros'
[0.476s] Level 1:colcon.colcon_core.package_identification:_identify(runs/detect) by extensions ['cmake', 'python']
[0.476s] Level 1:colcon.colcon_core.package_identification:_identify(runs/detect) by extension 'cmake'
[0.476s] Level 1:colcon.colcon_core.package_identification:_identify(runs/detect) by extension 'python'
[0.476s] Level 1:colcon.colcon_core.package_identification:_identify(runs/detect) by extensions ['python_setup_py']
[0.476s] Level 1:colcon.colcon_core.package_identification:_identify(runs/detect) by extension 'python_setup_py'
[0.476s] Level 1:colcon.colcon_core.package_identification:_identify(runs/detect/predict) by extensions ['ignore', 'ignore_ament_install']
[0.476s] Level 1:colcon.colcon_core.package_identification:_identify(runs/detect/predict) by extension 'ignore'
[0.476s] Level 1:colcon.colcon_core.package_identification:_identify(runs/detect/predict) by extension 'ignore_ament_install'
[0.476s] Level 1:colcon.colcon_core.package_identification:_identify(runs/detect/predict) by extensions ['colcon_pkg']
[0.476s] Level 1:colcon.colcon_core.package_identification:_identify(runs/detect/predict) by extension 'colcon_pkg'
[0.476s] Level 1:colcon.colcon_core.package_identification:_identify(runs/detect/predict) by extensions ['colcon_meta']
[0.476s] Level 1:colcon.colcon_core.package_identification:_identify(runs/detect/predict) by extension 'colcon_meta'
[0.476s] Level 1:colcon.colcon_core.package_identification:_identify(runs/detect/predict) by extensions ['ros']
[0.476s] Level 1:colcon.colcon_core.package_identification:_identify(runs/detect/predict) by extension 'ros'
[0.476s] Level 1:colcon.colcon_core.package_identification:_identify(runs/detect/predict) by extensions ['cmake', 'python']
[0.476s] Level 1:colcon.colcon_core.package_identification:_identify(runs/detect/predict) by extension 'cmake'
[0.476s] Level 1:colcon.colcon_core.package_identification:_identify(runs/detect/predict) by extension 'python'
[0.476s] Level 1:colcon.colcon_core.package_identification:_identify(runs/detect/predict) by extensions ['python_setup_py']
[0.476s] Level 1:colcon.colcon_core.package_identification:_identify(runs/detect/predict) by extension 'python_setup_py'
[0.477s] Level 1:colcon.colcon_core.package_identification:_identify(runs/detect/predict10) by extensions ['ignore', 'ignore_ament_install']
[0.477s] Level 1:colcon.colcon_core.package_identification:_identify(runs/detect/predict10) by extension 'ignore'
[0.477s] Level 1:colcon.colcon_core.package_identification:_identify(runs/detect/predict10) by extension 'ignore_ament_install'
[0.477s] Level 1:colcon.colcon_core.package_identification:_identify(runs/detect/predict10) by extensions ['colcon_pkg']
[0.477s] Level 1:colcon.colcon_core.package_identification:_identify(runs/detect/predict10) by extension 'colcon_pkg'
[0.477s] Level 1:colcon.colcon_core.package_identification:_identify(runs/detect/predict10) by extensions ['colcon_meta']
[0.477s] Level 1:colcon.colcon_core.package_identification:_identify(runs/detect/predict10) by extension 'colcon_meta'
[0.477s] Level 1:colcon.colcon_core.package_identification:_identify(runs/detect/predict10) by extensions ['ros']
[0.477s] Level 1:colcon.colcon_core.package_identification:_identify(runs/detect/predict10) by extension 'ros'
[0.477s] Level 1:colcon.colcon_core.package_identification:_identify(runs/detect/predict10) by extensions ['cmake', 'python']
[0.477s] Level 1:colcon.colcon_core.package_identification:_identify(runs/detect/predict10) by extension 'cmake'
[0.477s] Level 1:colcon.colcon_core.package_identification:_identify(runs/detect/predict10) by extension 'python'
[0.477s] Level 1:colcon.colcon_core.package_identification:_identify(runs/detect/predict10) by extensions ['python_setup_py']
[0.477s] Level 1:colcon.colcon_core.package_identification:_identify(runs/detect/predict10) by extension 'python_setup_py'
[0.477s] Level 1:colcon.colcon_core.package_identification:_identify(runs/detect/predict11) by extensions ['ignore', 'ignore_ament_install']
[0.477s] Level 1:colcon.colcon_core.package_identification:_identify(runs/detect/predict11) by extension 'ignore'
[0.477s] Level 1:colcon.colcon_core.package_identification:_identify(runs/detect/predict11) by extension 'ignore_ament_install'
[0.477s] Level 1:colcon.colcon_core.package_identification:_identify(runs/detect/predict11) by extensions ['colcon_pkg']
[0.477s] Level 1:colcon.colcon_core.package_identification:_identify(runs/detect/predict11) by extension 'colcon_pkg'
[0.477s] Level 1:colcon.colcon_core.package_identification:_identify(runs/detect/predict11) by extensions ['colcon_meta']
[0.477s] Level 1:colcon.colcon_core.package_identification:_identify(runs/detect/predict11) by extension 'colcon_meta'
[0.477s] Level 1:colcon.colcon_core.package_identification:_identify(runs/detect/predict11) by extensions ['ros']
[0.477s] Level 1:colcon.colcon_core.package_identification:_identify(runs/detect/predict11) by extension 'ros'
[0.477s] Level 1:colcon.colcon_core.package_identification:_identify(runs/detect/predict11) by extensions ['cmake', 'python']
[0.477s] Level 1:colcon.colcon_core.package_identification:_identify(runs/detect/predict11) by extension 'cmake'
[0.477s] Level 1:colcon.colcon_core.package_identification:_identify(runs/detect/predict11) by extension 'python'
[0.477s] Level 1:colcon.colcon_core.package_identification:_identify(runs/detect/predict11) by extensions ['python_setup_py']
[0.477s] Level 1:colcon.colcon_core.package_identification:_identify(runs/detect/predict11) by extension 'python_setup_py'
[0.477s] Level 1:colcon.colcon_core.package_identification:_identify(runs/detect/predict12) by extensions ['ignore', 'ignore_ament_install']
[0.477s] Level 1:colcon.colcon_core.package_identification:_identify(runs/detect/predict12) by extension 'ignore'
[0.477s] Level 1:colcon.colcon_core.package_identification:_identify(runs/detect/predict12) by extension 'ignore_ament_install'
[0.477s] Level 1:colcon.colcon_core.package_identification:_identify(runs/detect/predict12) by extensions ['colcon_pkg']
[0.477s] Level 1:colcon.colcon_core.package_identification:_identify(runs/detect/predict12) by extension 'colcon_pkg'
[0.477s] Level 1:colcon.colcon_core.package_identification:_identify(runs/detect/predict12) by extensions ['colcon_meta']
[0.477s] Level 1:colcon.colcon_core.package_identification:_identify(runs/detect/predict12) by extension 'colcon_meta'
[0.478s] Level 1:colcon.colcon_core.package_identification:_identify(runs/detect/predict12) by extensions ['ros']
[0.478s] Level 1:colcon.colcon_core.package_identification:_identify(runs/detect/predict12) by extension 'ros'
[0.478s] Level 1:colcon.colcon_core.package_identification:_identify(runs/detect/predict12) by extensions ['cmake', 'python']
[0.478s] Level 1:colcon.colcon_core.package_identification:_identify(runs/detect/predict12) by extension 'cmake'
[0.478s] Level 1:colcon.colcon_core.package_identification:_identify(runs/detect/predict12) by extension 'python'
[0.478s] Level 1:colcon.colcon_core.package_identification:_identify(runs/detect/predict12) by extensions ['python_setup_py']
[0.478s] Level 1:colcon.colcon_core.package_identification:_identify(runs/detect/predict12) by extension 'python_setup_py'
[0.478s] Level 1:colcon.colcon_core.package_identification:_identify(runs/detect/predict13) by extensions ['ignore', 'ignore_ament_install']
[0.478s] Level 1:colcon.colcon_core.package_identification:_identify(runs/detect/predict13) by extension 'ignore'
[0.478s] Level 1:colcon.colcon_core.package_identification:_identify(runs/detect/predict13) by extension 'ignore_ament_install'
[0.478s] Level 1:colcon.colcon_core.package_identification:_identify(runs/detect/predict13) by extensions ['colcon_pkg']
[0.478s] Level 1:colcon.colcon_core.package_identification:_identify(runs/detect/predict13) by extension 'colcon_pkg'
[0.478s] Level 1:colcon.colcon_core.package_identification:_identify(runs/detect/predict13) by extensions ['colcon_meta']
[0.478s] Level 1:colcon.colcon_core.package_identification:_identify(runs/detect/predict13) by extension 'colcon_meta'
[0.478s] Level 1:colcon.colcon_core.package_identification:_identify(runs/detect/predict13) by extensions ['ros']
[0.478s] Level 1:colcon.colcon_core.package_identification:_identify(runs/detect/predict13) by extension 'ros'
[0.478s] Level 1:colcon.colcon_core.package_identification:_identify(runs/detect/predict13) by extensions ['cmake', 'python']
[0.478s] Level 1:colcon.colcon_core.package_identification:_identify(runs/detect/predict13) by extension 'cmake'
[0.478s] Level 1:colcon.colcon_core.package_identification:_identify(runs/detect/predict13) by extension 'python'
[0.478s] Level 1:colcon.colcon_core.package_identification:_identify(runs/detect/predict13) by extensions ['python_setup_py']
[0.478s] Level 1:colcon.colcon_core.package_identification:_identify(runs/detect/predict13) by extension 'python_setup_py'
[0.478s] Level 1:colcon.colcon_core.package_identification:_identify(runs/detect/predict14) by extensions ['ignore', 'ignore_ament_install']
[0.478s] Level 1:colcon.colcon_core.package_identification:_identify(runs/detect/predict14) by extension 'ignore'
[0.478s] Level 1:colcon.colcon_core.package_identification:_identify(runs/detect/predict14) by extension 'ignore_ament_install'
[0.478s] Level 1:colcon.colcon_core.package_identification:_identify(runs/detect/predict14) by extensions ['colcon_pkg']
[0.478s] Level 1:colcon.colcon_core.package_identification:_identify(runs/detect/predict14) by extension 'colcon_pkg'
[0.478s] Level 1:colcon.colcon_core.package_identification:_identify(runs/detect/predict14) by extensions ['colcon_meta']
[0.478s] Level 1:colcon.colcon_core.package_identification:_identify(runs/detect/predict14) by extension 'colcon_meta'
[0.478s] Level 1:colcon.colcon_core.package_identification:_identify(runs/detect/predict14) by extensions ['ros']
[0.478s] Level 1:colcon.colcon_core.package_identification:_identify(runs/detect/predict14) by extension 'ros'
[0.478s] Level 1:colcon.colcon_core.package_identification:_identify(runs/detect/predict14) by extensions ['cmake', 'python']
[0.478s] Level 1:colcon.colcon_core.package_identification:_identify(runs/detect/predict14) by extension 'cmake'
[0.479s] Level 1:colcon.colcon_core.package_identification:_identify(runs/detect/predict14) by extension 'python'
[0.479s] Level 1:colcon.colcon_core.package_identification:_identify(runs/detect/predict14) by extensions ['python_setup_py']
[0.479s] Level 1:colcon.colcon_core.package_identification:_identify(runs/detect/predict14) by extension 'python_setup_py'
[0.479s] Level 1:colcon.colcon_core.package_identification:_identify(runs/detect/predict15) by extensions ['ignore', 'ignore_ament_install']
[0.479s] Level 1:colcon.colcon_core.package_identification:_identify(runs/detect/predict15) by extension 'ignore'
[0.479s] Level 1:colcon.colcon_core.package_identification:_identify(runs/detect/predict15) by extension 'ignore_ament_install'
[0.479s] Level 1:colcon.colcon_core.package_identification:_identify(runs/detect/predict15) by extensions ['colcon_pkg']
[0.479s] Level 1:colcon.colcon_core.package_identification:_identify(runs/detect/predict15) by extension 'colcon_pkg'
[0.479s] Level 1:colcon.colcon_core.package_identification:_identify(runs/detect/predict15) by extensions ['colcon_meta']
[0.479s] Level 1:colcon.colcon_core.package_identification:_identify(runs/detect/predict15) by extension 'colcon_meta'
[0.479s] Level 1:colcon.colcon_core.package_identification:_identify(runs/detect/predict15) by extensions ['ros']
[0.479s] Level 1:colcon.colcon_core.package_identification:_identify(runs/detect/predict15) by extension 'ros'
[0.479s] Level 1:colcon.colcon_core.package_identification:_identify(runs/detect/predict15) by extensions ['cmake', 'python']
[0.479s] Level 1:colcon.colcon_core.package_identification:_identify(runs/detect/predict15) by extension 'cmake'
[0.479s] Level 1:colcon.colcon_core.package_identification:_identify(runs/detect/predict15) by extension 'python'
[0.479s] Level 1:colcon.colcon_core.package_identification:_identify(runs/detect/predict15) by extensions ['python_setup_py']
[0.479s] Level 1:colcon.colcon_core.package_identification:_identify(runs/detect/predict15) by extension 'python_setup_py'
[0.479s] Level 1:colcon.colcon_core.package_identification:_identify(runs/detect/predict16) by extensions ['ignore', 'ignore_ament_install']
[0.479s] Level 1:colcon.colcon_core.package_identification:_identify(runs/detect/predict16) by extension 'ignore'
[0.479s] Level 1:colcon.colcon_core.package_identification:_identify(runs/detect/predict16) by extension 'ignore_ament_install'
[0.479s] Level 1:colcon.colcon_core.package_identification:_identify(runs/detect/predict16) by extensions ['colcon_pkg']
[0.479s] Level 1:colcon.colcon_core.package_identification:_identify(runs/detect/predict16) by extension 'colcon_pkg'
[0.479s] Level 1:colcon.colcon_core.package_identification:_identify(runs/detect/predict16) by extensions ['colcon_meta']
[0.479s] Level 1:colcon.colcon_core.package_identification:_identify(runs/detect/predict16) by extension 'colcon_meta'
[0.479s] Level 1:colcon.colcon_core.package_identification:_identify(runs/detect/predict16) by extensions ['ros']
[0.479s] Level 1:colcon.colcon_core.package_identification:_identify(runs/detect/predict16) by extension 'ros'
[0.479s] Level 1:colcon.colcon_core.package_identification:_identify(runs/detect/predict16) by extensions ['cmake', 'python']
[0.479s] Level 1:colcon.colcon_core.package_identification:_identify(runs/detect/predict16) by extension 'cmake'
[0.479s] Level 1:colcon.colcon_core.package_identification:_identify(runs/detect/predict16) by extension 'python'
[0.479s] Level 1:colcon.colcon_core.package_identification:_identify(runs/detect/predict16) by extensions ['python_setup_py']
[0.479s] Level 1:colcon.colcon_core.package_identification:_identify(runs/detect/predict16) by extension 'python_setup_py'
[0.479s] Level 1:colcon.colcon_core.package_identification:_identify(runs/detect/predict17) by extensions ['ignore', 'ignore_ament_install']
[0.479s] Level 1:colcon.colcon_core.package_identification:_identify(runs/detect/predict17) by extension 'ignore'
[0.479s] Level 1:colcon.colcon_core.package_identification:_identify(runs/detect/predict17) by extension 'ignore_ament_install'
[0.479s] Level 1:colcon.colcon_core.package_identification:_identify(runs/detect/predict17) by extensions ['colcon_pkg']
[0.479s] Level 1:colcon.colcon_core.package_identification:_identify(runs/detect/predict17) by extension 'colcon_pkg'
[0.480s] Level 1:colcon.colcon_core.package_identification:_identify(runs/detect/predict17) by extensions ['colcon_meta']
[0.480s] Level 1:colcon.colcon_core.package_identification:_identify(runs/detect/predict17) by extension 'colcon_meta'
[0.480s] Level 1:colcon.colcon_core.package_identification:_identify(runs/detect/predict17) by extensions ['ros']
[0.480s] Level 1:colcon.colcon_core.package_identification:_identify(runs/detect/predict17) by extension 'ros'
[0.480s] Level 1:colcon.colcon_core.package_identification:_identify(runs/detect/predict17) by extensions ['cmake', 'python']
[0.480s] Level 1:colcon.colcon_core.package_identification:_identify(runs/detect/predict17) by extension 'cmake'
[0.480s] Level 1:colcon.colcon_core.package_identification:_identify(runs/detect/predict17) by extension 'python'
[0.480s] Level 1:colcon.colcon_core.package_identification:_identify(runs/detect/predict17) by extensions ['python_setup_py']
[0.480s] Level 1:colcon.colcon_core.package_identification:_identify(runs/detect/predict17) by extension 'python_setup_py'
[0.480s] Level 1:colcon.colcon_core.package_identification:_identify(runs/detect/predict18) by extensions ['ignore', 'ignore_ament_install']
[0.480s] Level 1:colcon.colcon_core.package_identification:_identify(runs/detect/predict18) by extension 'ignore'
[0.480s] Level 1:colcon.colcon_core.package_identification:_identify(runs/detect/predict18) by extension 'ignore_ament_install'
[0.480s] Level 1:colcon.colcon_core.package_identification:_identify(runs/detect/predict18) by extensions ['colcon_pkg']
[0.480s] Level 1:colcon.colcon_core.package_identification:_identify(runs/detect/predict18) by extension 'colcon_pkg'
[0.480s] Level 1:colcon.colcon_core.package_identification:_identify(runs/detect/predict18) by extensions ['colcon_meta']
[0.480s] Level 1:colcon.colcon_core.package_identification:_identify(runs/detect/predict18) by extension 'colcon_meta'
[0.480s] Level 1:colcon.colcon_core.package_identification:_identify(runs/detect/predict18) by extensions ['ros']
[0.480s] Level 1:colcon.colcon_core.package_identification:_identify(runs/detect/predict18) by extension 'ros'
[0.480s] Level 1:colcon.colcon_core.package_identification:_identify(runs/detect/predict18) by extensions ['cmake', 'python']
[0.480s] Level 1:colcon.colcon_core.package_identification:_identify(runs/detect/predict18) by extension 'cmake'
[0.480s] Level 1:colcon.colcon_core.package_identification:_identify(runs/detect/predict18) by extension 'python'
[0.480s] Level 1:colcon.colcon_core.package_identification:_identify(runs/detect/predict18) by extensions ['python_setup_py']
[0.480s] Level 1:colcon.colcon_core.package_identification:_identify(runs/detect/predict18) by extension 'python_setup_py'
[0.480s] Level 1:colcon.colcon_core.package_identification:_identify(runs/detect/predict19) by extensions ['ignore', 'ignore_ament_install']
[0.480s] Level 1:colcon.colcon_core.package_identification:_identify(runs/detect/predict19) by extension 'ignore'
[0.480s] Level 1:colcon.colcon_core.package_identification:_identify(runs/detect/predict19) by extension 'ignore_ament_install'
[0.480s] Level 1:colcon.colcon_core.package_identification:_identify(runs/detect/predict19) by extensions ['colcon_pkg']
[0.480s] Level 1:colcon.colcon_core.package_identification:_identify(runs/detect/predict19) by extension 'colcon_pkg'
[0.480s] Level 1:colcon.colcon_core.package_identification:_identify(runs/detect/predict19) by extensions ['colcon_meta']
[0.480s] Level 1:colcon.colcon_core.package_identification:_identify(runs/detect/predict19) by extension 'colcon_meta'
[0.480s] Level 1:colcon.colcon_core.package_identification:_identify(runs/detect/predict19) by extensions ['ros']
[0.480s] Level 1:colcon.colcon_core.package_identification:_identify(runs/detect/predict19) by extension 'ros'
[0.480s] Level 1:colcon.colcon_core.package_identification:_identify(runs/detect/predict19) by extensions ['cmake', 'python']
[0.480s] Level 1:colcon.colcon_core.package_identification:_identify(runs/detect/predict19) by extension 'cmake'
[0.480s] Level 1:colcon.colcon_core.package_identification:_identify(runs/detect/predict19) by extension 'python'
[0.480s] Level 1:colcon.colcon_core.package_identification:_identify(runs/detect/predict19) by extensions ['python_setup_py']
[0.480s] Level 1:colcon.colcon_core.package_identification:_identify(runs/detect/predict19) by extension 'python_setup_py'
[0.481s] Level 1:colcon.colcon_core.package_identification:_identify(runs/detect/predict2) by extensions ['ignore', 'ignore_ament_install']
[0.481s] Level 1:colcon.colcon_core.package_identification:_identify(runs/detect/predict2) by extension 'ignore'
[0.481s] Level 1:colcon.colcon_core.package_identification:_identify(runs/detect/predict2) by extension 'ignore_ament_install'
[0.481s] Level 1:colcon.colcon_core.package_identification:_identify(runs/detect/predict2) by extensions ['colcon_pkg']
[0.481s] Level 1:colcon.colcon_core.package_identification:_identify(runs/detect/predict2) by extension 'colcon_pkg'
[0.481s] Level 1:colcon.colcon_core.package_identification:_identify(runs/detect/predict2) by extensions ['colcon_meta']
[0.481s] Level 1:colcon.colcon_core.package_identification:_identify(runs/detect/predict2) by extension 'colcon_meta'
[0.481s] Level 1:colcon.colcon_core.package_identification:_identify(runs/detect/predict2) by extensions ['ros']
[0.481s] Level 1:colcon.colcon_core.package_identification:_identify(runs/detect/predict2) by extension 'ros'
[0.481s] Level 1:colcon.colcon_core.package_identification:_identify(runs/detect/predict2) by extensions ['cmake', 'python']
[0.481s] Level 1:colcon.colcon_core.package_identification:_identify(runs/detect/predict2) by extension 'cmake'
[0.481s] Level 1:colcon.colcon_core.package_identification:_identify(runs/detect/predict2) by extension 'python'
[0.481s] Level 1:colcon.colcon_core.package_identification:_identify(runs/detect/predict2) by extensions ['python_setup_py']
[0.481s] Level 1:colcon.colcon_core.package_identification:_identify(runs/detect/predict2) by extension 'python_setup_py'
[0.481s] Level 1:colcon.colcon_core.package_identification:_identify(runs/detect/predict20) by extensions ['ignore', 'ignore_ament_install']
[0.481s] Level 1:colcon.colcon_core.package_identification:_identify(runs/detect/predict20) by extension 'ignore'
[0.481s] Level 1:colcon.colcon_core.package_identification:_identify(runs/detect/predict20) by extension 'ignore_ament_install'
[0.481s] Level 1:colcon.colcon_core.package_identification:_identify(runs/detect/predict20) by extensions ['colcon_pkg']
[0.481s] Level 1:colcon.colcon_core.package_identification:_identify(runs/detect/predict20) by extension 'colcon_pkg'
[0.481s] Level 1:colcon.colcon_core.package_identification:_identify(runs/detect/predict20) by extensions ['colcon_meta']
[0.481s] Level 1:colcon.colcon_core.package_identification:_identify(runs/detect/predict20) by extension 'colcon_meta'
[0.481s] Level 1:colcon.colcon_core.package_identification:_identify(runs/detect/predict20) by extensions ['ros']
[0.481s] Level 1:colcon.colcon_core.package_identification:_identify(runs/detect/predict20) by extension 'ros'
[0.481s] Level 1:colcon.colcon_core.package_identification:_identify(runs/detect/predict20) by extensions ['cmake', 'python']
[0.481s] Level 1:colcon.colcon_core.package_identification:_identify(runs/detect/predict20) by extension 'cmake'
[0.481s] Level 1:colcon.colcon_core.package_identification:_identify(runs/detect/predict20) by extension 'python'
[0.481s] Level 1:colcon.colcon_core.package_identification:_identify(runs/detect/predict20) by extensions ['python_setup_py']
[0.481s] Level 1:colcon.colcon_core.package_identification:_identify(runs/detect/predict20) by extension 'python_setup_py'
[0.481s] Level 1:colcon.colcon_core.package_identification:_identify(runs/detect/predict21) by extensions ['ignore', 'ignore_ament_install']
[0.481s] Level 1:colcon.colcon_core.package_identification:_identify(runs/detect/predict21) by extension 'ignore'
[0.481s] Level 1:colcon.colcon_core.package_identification:_identify(runs/detect/predict21) by extension 'ignore_ament_install'
[0.481s] Level 1:colcon.colcon_core.package_identification:_identify(runs/detect/predict21) by extensions ['colcon_pkg']
[0.481s] Level 1:colcon.colcon_core.package_identification:_identify(runs/detect/predict21) by extension 'colcon_pkg'
[0.481s] Level 1:colcon.colcon_core.package_identification:_identify(runs/detect/predict21) by extensions ['colcon_meta']
[0.481s] Level 1:colcon.colcon_core.package_identification:_identify(runs/detect/predict21) by extension 'colcon_meta'
[0.481s] Level 1:colcon.colcon_core.package_identification:_identify(runs/detect/predict21) by extensions ['ros']
[0.481s] Level 1:colcon.colcon_core.package_identification:_identify(runs/detect/predict21) by extension 'ros'
[0.481s] Level 1:colcon.colcon_core.package_identification:_identify(runs/detect/predict21) by extensions ['cmake', 'python']
[0.482s] Level 1:colcon.colcon_core.package_identification:_identify(runs/detect/predict21) by extension 'cmake'
[0.482s] Level 1:colcon.colcon_core.package_identification:_identify(runs/detect/predict21) by extension 'python'
[0.482s] Level 1:colcon.colcon_core.package_identification:_identify(runs/detect/predict21) by extensions ['python_setup_py']
[0.482s] Level 1:colcon.colcon_core.package_identification:_identify(runs/detect/predict21) by extension 'python_setup_py'
[0.482s] Level 1:colcon.colcon_core.package_identification:_identify(runs/detect/predict22) by extensions ['ignore', 'ignore_ament_install']
[0.482s] Level 1:colcon.colcon_core.package_identification:_identify(runs/detect/predict22) by extension 'ignore'
[0.482s] Level 1:colcon.colcon_core.package_identification:_identify(runs/detect/predict22) by extension 'ignore_ament_install'
[0.482s] Level 1:colcon.colcon_core.package_identification:_identify(runs/detect/predict22) by extensions ['colcon_pkg']
[0.482s] Level 1:colcon.colcon_core.package_identification:_identify(runs/detect/predict22) by extension 'colcon_pkg'
[0.482s] Level 1:colcon.colcon_core.package_identification:_identify(runs/detect/predict22) by extensions ['colcon_meta']
[0.482s] Level 1:colcon.colcon_core.package_identification:_identify(runs/detect/predict22) by extension 'colcon_meta'
[0.482s] Level 1:colcon.colcon_core.package_identification:_identify(runs/detect/predict22) by extensions ['ros']
[0.482s] Level 1:colcon.colcon_core.package_identification:_identify(runs/detect/predict22) by extension 'ros'
[0.482s] Level 1:colcon.colcon_core.package_identification:_identify(runs/detect/predict22) by extensions ['cmake', 'python']
[0.482s] Level 1:colcon.colcon_core.package_identification:_identify(runs/detect/predict22) by extension 'cmake'
[0.482s] Level 1:colcon.colcon_core.package_identification:_identify(runs/detect/predict22) by extension 'python'
[0.482s] Level 1:colcon.colcon_core.package_identification:_identify(runs/detect/predict22) by extensions ['python_setup_py']
[0.482s] Level 1:colcon.colcon_core.package_identification:_identify(runs/detect/predict22) by extension 'python_setup_py'
[0.482s] Level 1:colcon.colcon_core.package_identification:_identify(runs/detect/predict23) by extensions ['ignore', 'ignore_ament_install']
[0.482s] Level 1:colcon.colcon_core.package_identification:_identify(runs/detect/predict23) by extension 'ignore'
[0.482s] Level 1:colcon.colcon_core.package_identification:_identify(runs/detect/predict23) by extension 'ignore_ament_install'
[0.482s] Level 1:colcon.colcon_core.package_identification:_identify(runs/detect/predict23) by extensions ['colcon_pkg']
[0.482s] Level 1:colcon.colcon_core.package_identification:_identify(runs/detect/predict23) by extension 'colcon_pkg'
[0.482s] Level 1:colcon.colcon_core.package_identification:_identify(runs/detect/predict23) by extensions ['colcon_meta']
[0.482s] Level 1:colcon.colcon_core.package_identification:_identify(runs/detect/predict23) by extension 'colcon_meta'
[0.482s] Level 1:colcon.colcon_core.package_identification:_identify(runs/detect/predict23) by extensions ['ros']
[0.482s] Level 1:colcon.colcon_core.package_identification:_identify(runs/detect/predict23) by extension 'ros'
[0.482s] Level 1:colcon.colcon_core.package_identification:_identify(runs/detect/predict23) by extensions ['cmake', 'python']
[0.482s] Level 1:colcon.colcon_core.package_identification:_identify(runs/detect/predict23) by extension 'cmake'
[0.482s] Level 1:colcon.colcon_core.package_identification:_identify(runs/detect/predict23) by extension 'python'
[0.482s] Level 1:colcon.colcon_core.package_identification:_identify(runs/detect/predict23) by extensions ['python_setup_py']
[0.482s] Level 1:colcon.colcon_core.package_identification:_identify(runs/detect/predict23) by extension 'python_setup_py'
[0.482s] Level 1:colcon.colcon_core.package_identification:_identify(runs/detect/predict3) by extensions ['ignore', 'ignore_ament_install']
[0.483s] Level 1:colcon.colcon_core.package_identification:_identify(runs/detect/predict3) by extension 'ignore'
[0.483s] Level 1:colcon.colcon_core.package_identification:_identify(runs/detect/predict3) by extension 'ignore_ament_install'
[0.483s] Level 1:colcon.colcon_core.package_identification:_identify(runs/detect/predict3) by extensions ['colcon_pkg']
[0.483s] Level 1:colcon.colcon_core.package_identification:_identify(runs/detect/predict3) by extension 'colcon_pkg'
[0.483s] Level 1:colcon.colcon_core.package_identification:_identify(runs/detect/predict3) by extensions ['colcon_meta']
[0.483s] Level 1:colcon.colcon_core.package_identification:_identify(runs/detect/predict3) by extension 'colcon_meta'
[0.483s] Level 1:colcon.colcon_core.package_identification:_identify(runs/detect/predict3) by extensions ['ros']
[0.483s] Level 1:colcon.colcon_core.package_identification:_identify(runs/detect/predict3) by extension 'ros'
[0.483s] Level 1:colcon.colcon_core.package_identification:_identify(runs/detect/predict3) by extensions ['cmake', 'python']
[0.483s] Level 1:colcon.colcon_core.package_identification:_identify(runs/detect/predict3) by extension 'cmake'
[0.483s] Level 1:colcon.colcon_core.package_identification:_identify(runs/detect/predict3) by extension 'python'
[0.483s] Level 1:colcon.colcon_core.package_identification:_identify(runs/detect/predict3) by extensions ['python_setup_py']
[0.483s] Level 1:colcon.colcon_core.package_identification:_identify(runs/detect/predict3) by extension 'python_setup_py'
[0.483s] Level 1:colcon.colcon_core.package_identification:_identify(runs/detect/predict4) by extensions ['ignore', 'ignore_ament_install']
[0.483s] Level 1:colcon.colcon_core.package_identification:_identify(runs/detect/predict4) by extension 'ignore'
[0.483s] Level 1:colcon.colcon_core.package_identification:_identify(runs/detect/predict4) by extension 'ignore_ament_install'
[0.483s] Level 1:colcon.colcon_core.package_identification:_identify(runs/detect/predict4) by extensions ['colcon_pkg']
[0.483s] Level 1:colcon.colcon_core.package_identification:_identify(runs/detect/predict4) by extension 'colcon_pkg'
[0.483s] Level 1:colcon.colcon_core.package_identification:_identify(runs/detect/predict4) by extensions ['colcon_meta']
[0.483s] Level 1:colcon.colcon_core.package_identification:_identify(runs/detect/predict4) by extension 'colcon_meta'
[0.483s] Level 1:colcon.colcon_core.package_identification:_identify(runs/detect/predict4) by extensions ['ros']
[0.483s] Level 1:colcon.colcon_core.package_identification:_identify(runs/detect/predict4) by extension 'ros'
[0.483s] Level 1:colcon.colcon_core.package_identification:_identify(runs/detect/predict4) by extensions ['cmake', 'python']
[0.483s] Level 1:colcon.colcon_core.package_identification:_identify(runs/detect/predict4) by extension 'cmake'
[0.483s] Level 1:colcon.colcon_core.package_identification:_identify(runs/detect/predict4) by extension 'python'
[0.483s] Level 1:colcon.colcon_core.package_identification:_identify(runs/detect/predict4) by extensions ['python_setup_py']
[0.483s] Level 1:colcon.colcon_core.package_identification:_identify(runs/detect/predict4) by extension 'python_setup_py'
[0.483s] Level 1:colcon.colcon_core.package_identification:_identify(runs/detect/predict5) by extensions ['ignore', 'ignore_ament_install']
[0.483s] Level 1:colcon.colcon_core.package_identification:_identify(runs/detect/predict5) by extension 'ignore'
[0.483s] Level 1:colcon.colcon_core.package_identification:_identify(runs/detect/predict5) by extension 'ignore_ament_install'
[0.483s] Level 1:colcon.colcon_core.package_identification:_identify(runs/detect/predict5) by extensions ['colcon_pkg']
[0.483s] Level 1:colcon.colcon_core.package_identification:_identify(runs/detect/predict5) by extension 'colcon_pkg'
[0.483s] Level 1:colcon.colcon_core.package_identification:_identify(runs/detect/predict5) by extensions ['colcon_meta']
[0.483s] Level 1:colcon.colcon_core.package_identification:_identify(runs/detect/predict5) by extension 'colcon_meta'
[0.483s] Level 1:colcon.colcon_core.package_identification:_identify(runs/detect/predict5) by extensions ['ros']
[0.484s] Level 1:colcon.colcon_core.package_identification:_identify(runs/detect/predict5) by extension 'ros'
[0.484s] Level 1:colcon.colcon_core.package_identification:_identify(runs/detect/predict5) by extensions ['cmake', 'python']
[0.484s] Level 1:colcon.colcon_core.package_identification:_identify(runs/detect/predict5) by extension 'cmake'
[0.484s] Level 1:colcon.colcon_core.package_identification:_identify(runs/detect/predict5) by extension 'python'
[0.484s] Level 1:colcon.colcon_core.package_identification:_identify(runs/detect/predict5) by extensions ['python_setup_py']
[0.484s] Level 1:colcon.colcon_core.package_identification:_identify(runs/detect/predict5) by extension 'python_setup_py'
[0.484s] Level 1:colcon.colcon_core.package_identification:_identify(runs/detect/predict6) by extensions ['ignore', 'ignore_ament_install']
[0.484s] Level 1:colcon.colcon_core.package_identification:_identify(runs/detect/predict6) by extension 'ignore'
[0.484s] Level 1:colcon.colcon_core.package_identification:_identify(runs/detect/predict6) by extension 'ignore_ament_install'
[0.484s] Level 1:colcon.colcon_core.package_identification:_identify(runs/detect/predict6) by extensions ['colcon_pkg']
[0.484s] Level 1:colcon.colcon_core.package_identification:_identify(runs/detect/predict6) by extension 'colcon_pkg'
[0.484s] Level 1:colcon.colcon_core.package_identification:_identify(runs/detect/predict6) by extensions ['colcon_meta']
[0.484s] Level 1:colcon.colcon_core.package_identification:_identify(runs/detect/predict6) by extension 'colcon_meta'
[0.484s] Level 1:colcon.colcon_core.package_identification:_identify(runs/detect/predict6) by extensions ['ros']
[0.484s] Level 1:colcon.colcon_core.package_identification:_identify(runs/detect/predict6) by extension 'ros'
[0.484s] Level 1:colcon.colcon_core.package_identification:_identify(runs/detect/predict6) by extensions ['cmake', 'python']
[0.484s] Level 1:colcon.colcon_core.package_identification:_identify(runs/detect/predict6) by extension 'cmake'
[0.484s] Level 1:colcon.colcon_core.package_identification:_identify(runs/detect/predict6) by extension 'python'
[0.484s] Level 1:colcon.colcon_core.package_identification:_identify(runs/detect/predict6) by extensions ['python_setup_py']
[0.484s] Level 1:colcon.colcon_core.package_identification:_identify(runs/detect/predict6) by extension 'python_setup_py'
[0.484s] Level 1:colcon.colcon_core.package_identification:_identify(runs/detect/predict7) by extensions ['ignore', 'ignore_ament_install']
[0.484s] Level 1:colcon.colcon_core.package_identification:_identify(runs/detect/predict7) by extension 'ignore'
[0.484s] Level 1:colcon.colcon_core.package_identification:_identify(runs/detect/predict7) by extension 'ignore_ament_install'
[0.484s] Level 1:colcon.colcon_core.package_identification:_identify(runs/detect/predict7) by extensions ['colcon_pkg']
[0.484s] Level 1:colcon.colcon_core.package_identification:_identify(runs/detect/predict7) by extension 'colcon_pkg'
[0.484s] Level 1:colcon.colcon_core.package_identification:_identify(runs/detect/predict7) by extensions ['colcon_meta']
[0.484s] Level 1:colcon.colcon_core.package_identification:_identify(runs/detect/predict7) by extension 'colcon_meta'
[0.484s] Level 1:colcon.colcon_core.package_identification:_identify(runs/detect/predict7) by extensions ['ros']
[0.484s] Level 1:colcon.colcon_core.package_identification:_identify(runs/detect/predict7) by extension 'ros'
[0.484s] Level 1:colcon.colcon_core.package_identification:_identify(runs/detect/predict7) by extensions ['cmake', 'python']
[0.484s] Level 1:colcon.colcon_core.package_identification:_identify(runs/detect/predict7) by extension 'cmake'
[0.484s] Level 1:colcon.colcon_core.package_identification:_identify(runs/detect/predict7) by extension 'python'
[0.484s] Level 1:colcon.colcon_core.package_identification:_identify(runs/detect/predict7) by extensions ['python_setup_py']
[0.484s] Level 1:colcon.colcon_core.package_identification:_identify(runs/detect/predict7) by extension 'python_setup_py'
[0.484s] Level 1:colcon.colcon_core.package_identification:_identify(runs/detect/predict8) by extensions ['ignore', 'ignore_ament_install']
[0.485s] Level 1:colcon.colcon_core.package_identification:_identify(runs/detect/predict8) by extension 'ignore'
[0.485s] Level 1:colcon.colcon_core.package_identification:_identify(runs/detect/predict8) by extension 'ignore_ament_install'
[0.485s] Level 1:colcon.colcon_core.package_identification:_identify(runs/detect/predict8) by extensions ['colcon_pkg']
[0.485s] Level 1:colcon.colcon_core.package_identification:_identify(runs/detect/predict8) by extension 'colcon_pkg'
[0.485s] Level 1:colcon.colcon_core.package_identification:_identify(runs/detect/predict8) by extensions ['colcon_meta']
[0.485s] Level 1:colcon.colcon_core.package_identification:_identify(runs/detect/predict8) by extension 'colcon_meta'
[0.485s] Level 1:colcon.colcon_core.package_identification:_identify(runs/detect/predict8) by extensions ['ros']
[0.485s] Level 1:colcon.colcon_core.package_identification:_identify(runs/detect/predict8) by extension 'ros'
[0.485s] Level 1:colcon.colcon_core.package_identification:_identify(runs/detect/predict8) by extensions ['cmake', 'python']
[0.485s] Level 1:colcon.colcon_core.package_identification:_identify(runs/detect/predict8) by extension 'cmake'
[0.485s] Level 1:colcon.colcon_core.package_identification:_identify(runs/detect/predict8) by extension 'python'
[0.485s] Level 1:colcon.colcon_core.package_identification:_identify(runs/detect/predict8) by extensions ['python_setup_py']
[0.485s] Level 1:colcon.colcon_core.package_identification:_identify(runs/detect/predict8) by extension 'python_setup_py'
[0.485s] Level 1:colcon.colcon_core.package_identification:_identify(runs/detect/predict9) by extensions ['ignore', 'ignore_ament_install']
[0.485s] Level 1:colcon.colcon_core.package_identification:_identify(runs/detect/predict9) by extension 'ignore'
[0.485s] Level 1:colcon.colcon_core.package_identification:_identify(runs/detect/predict9) by extension 'ignore_ament_install'
[0.485s] Level 1:colcon.colcon_core.package_identification:_identify(runs/detect/predict9) by extensions ['colcon_pkg']
[0.485s] Level 1:colcon.colcon_core.package_identification:_identify(runs/detect/predict9) by extension 'colcon_pkg'
[0.485s] Level 1:colcon.colcon_core.package_identification:_identify(runs/detect/predict9) by extensions ['colcon_meta']
[0.485s] Level 1:colcon.colcon_core.package_identification:_identify(runs/detect/predict9) by extension 'colcon_meta'
[0.485s] Level 1:colcon.colcon_core.package_identification:_identify(runs/detect/predict9) by extensions ['ros']
[0.485s] Level 1:colcon.colcon_core.package_identification:_identify(runs/detect/predict9) by extension 'ros'
[0.485s] Level 1:colcon.colcon_core.package_identification:_identify(runs/detect/predict9) by extensions ['cmake', 'python']
[0.485s] Level 1:colcon.colcon_core.package_identification:_identify(runs/detect/predict9) by extension 'cmake'
[0.485s] Level 1:colcon.colcon_core.package_identification:_identify(runs/detect/predict9) by extension 'python'
[0.485s] Level 1:colcon.colcon_core.package_identification:_identify(runs/detect/predict9) by extensions ['python_setup_py']
[0.485s] Level 1:colcon.colcon_core.package_identification:_identify(runs/detect/predict9) by extension 'python_setup_py'
[0.485s] Level 1:colcon.colcon_core.package_identification:_identify(templates) by extensions ['ignore', 'ignore_ament_install']
[0.485s] Level 1:colcon.colcon_core.package_identification:_identify(templates) by extension 'ignore'
[0.485s] Level 1:colcon.colcon_core.package_identification:_identify(templates) by extension 'ignore_ament_install'
[0.485s] Level 1:colcon.colcon_core.package_identification:_identify(templates) by extensions ['colcon_pkg']
[0.485s] Level 1:colcon.colcon_core.package_identification:_identify(templates) by extension 'colcon_pkg'
[0.485s] Level 1:colcon.colcon_core.package_identification:_identify(templates) by extensions ['colcon_meta']
[0.485s] Level 1:colcon.colcon_core.package_identification:_identify(templates) by extension 'colcon_meta'
[0.485s] Level 1:colcon.colcon_core.package_identification:_identify(templates) by extensions ['ros']
[0.485s] Level 1:colcon.colcon_core.package_identification:_identify(templates) by extension 'ros'
[0.486s] Level 1:colcon.colcon_core.package_identification:_identify(templates) by extensions ['cmake', 'python']
[0.486s] Level 1:colcon.colcon_core.package_identification:_identify(templates) by extension 'cmake'
[0.486s] Level 1:colcon.colcon_core.package_identification:_identify(templates) by extension 'python'
[0.486s] Level 1:colcon.colcon_core.package_identification:_identify(templates) by extensions ['python_setup_py']
[0.486s] Level 1:colcon.colcon_core.package_identification:_identify(templates) by extension 'python_setup_py'
[0.486s] Level 1:colcon.colcon_core.package_discovery:discover_packages(recursive) using defaults
[0.486s] Level 1:colcon.colcon_core.package_discovery:discover_packages(ignore) discover
[0.486s] Level 1:colcon.colcon_core.package_discovery:discover_packages(ignore) using defaults
[0.486s] Level 1:colcon.colcon_core.package_discovery:discover_packages(path) discover
[0.486s] Level 1:colcon.colcon_core.package_discovery:discover_packages(path) using defaults
[0.514s] Level 1:colcon.colcon_core.package_discovery:discover_packages(prefix_path) check parameters
[0.514s] Level 1:colcon.colcon_core.package_discovery:discover_packages(prefix_path) discover
[0.519s] DEBUG:colcon.colcon_installed_package_information.package_discovery:Found 16 installed packages in /home/rokey/turtlebot4_ws/install
[0.520s] DEBUG:colcon.colcon_installed_package_information.package_discovery:Found 377 installed packages in /opt/ros/humble
[0.521s] Level 1:colcon.colcon_core.package_discovery:discover_packages(prefix_path) using defaults
[0.577s] INFO:colcon.colcon_core.executor:Executing jobs using 'parallel' executor
[0.579s] DEBUG:colcon.colcon_parallel_executor.executor.parallel:run_until_complete
[0.579s] DEBUG:colcon.colcon_parallel_executor.executor.parallel:closing loop
[0.579s] DEBUG:colcon.colcon_parallel_executor.executor.parallel:loop closed
[0.580s] DEBUG:colcon.colcon_parallel_executor.executor.parallel:run_until_complete finished with '0'
[0.580s] DEBUG:colcon.colcon_core.event_reactor:joining thread
[0.587s] INFO:colcon.colcon_core.plugin_system:Skipping extension 'colcon_notification.desktop_notification.terminal_notifier': Not used on non-Darwin systems
[0.587s] INFO:colcon.colcon_core.plugin_system:Skipping extension 'colcon_notification.desktop_notification.win32': Not used on non-Windows systems
[0.587s] INFO:colcon.colcon_notification.desktop_notification:Sending desktop notification using 'notify2'
[0.619s] DEBUG:colcon.colcon_core.event_reactor:joined thread
[0.623s] INFO:colcon.colcon_core.plugin_system:Skipping extension 'colcon_core.shell.bat': Not used on non-Windows systems
[0.623s] INFO:colcon.colcon_core.shell:Creating prefix script '/home/rokey/ssy_ws/03_system_monitor/ssy_system_monitor_v10/install/local_setup.ps1'
[0.624s] INFO:colcon.colcon_core.shell:Creating prefix util module '/home/rokey/ssy_ws/03_system_monitor/ssy_system_monitor_v10/install/_local_setup_util_ps1.py'
[0.625s] INFO:colcon.colcon_core.shell:Creating prefix chain script '/home/rokey/ssy_ws/03_system_monitor/ssy_system_monitor_v10/install/setup.ps1'
[0.626s] INFO:colcon.colcon_core.shell:Creating prefix script '/home/rokey/ssy_ws/03_system_monitor/ssy_system_monitor_v10/install/local_setup.sh'
[0.627s] INFO:colcon.colcon_core.shell:Creating prefix util module '/home/rokey/ssy_ws/03_system_monitor/ssy_system_monitor_v10/install/_local_setup_util_sh.py'
[0.627s] INFO:colcon.colcon_core.shell:Creating prefix chain script '/home/rokey/ssy_ws/03_system_monitor/ssy_system_monitor_v10/install/setup.sh'
[0.628s] INFO:colcon.colcon_core.shell:Creating prefix script '/home/rokey/ssy_ws/03_system_monitor/ssy_system_monitor_v10/install/local_setup.bash'
[0.629s] INFO:colcon.colcon_core.shell:Creating prefix chain script '/home/rokey/ssy_ws/03_system_monitor/ssy_system_monitor_v10/install/setup.bash'
[0.630s] INFO:colcon.colcon_core.shell:Creating prefix script '/home/rokey/ssy_ws/03_system_monitor/ssy_system_monitor_v10/install/local_setup.zsh'
[0.631s] INFO:colcon.colcon_core.shell:Creating prefix chain script '/home/rokey/ssy_ws/03_system_monitor/ssy_system_monitor_v10/install/setup.zsh'
